<?xml version="1.0" encoding="UTF-8"?>
<testng-results ignored="0" total="1" passed="1" failed="0" skipped="0">
  <reporter-output>
  </reporter-output>
  <suite started-at="2025-05-15T13:01:13 BDT" name="Surefire suite" finished-at="2025-05-15T13:01:19 BDT" duration-ms="5937">
    <groups>
    </groups>
    <test started-at="2025-05-15T13:01:13 BDT" name="Surefire test" finished-at="2025-05-15T13:01:19 BDT" duration-ms="5937">
      <class name="com.ostad.AppTest">
        <test-method is-config="true" signature="setupExtentReport()[pri:0, instance:com.ostad.AppTest@4c1909a3]" started-at="2025-05-15T13:01:13 BDT" name="setupExtentReport" finished-at="2025-05-15T13:01:13 BDT" duration-ms="149" status="PASS">
          <reporter-output>
          </reporter-output>
        </test-method> <!-- setupExtentReport -->
        <test-method signature="testMethod()[pri:0, instance:com.ostad.AppTest@4c1909a3]" started-at="2025-05-15T13:01:13 BDT" name="testMethod" finished-at="2025-05-15T13:01:19 BDT" duration-ms="5455" status="PASS">
          <reporter-output>
          </reporter-output>
        </test-method> <!-- testMethod -->
        <test-method is-config="true" signature="tearDownReport()[pri:0, instance:com.ostad.AppTest@4c1909a3]" started-at="2025-05-15T13:01:19 BDT" name="tearDownReport" finished-at="2025-05-15T13:01:19 BDT" duration-ms="236" status="PASS">
          <reporter-output>
          </reporter-output>
        </test-method> <!-- tearDownReport -->
      </class> <!-- com.ostad.AppTest -->
    </test> <!-- Surefire test -->
  </suite> <!-- Surefire suite -->
</testng-results>
